<?xml version="1.0" encoding="UTF-8"?>
<!-- Generated by org.testng.reporters.JUnitReportReporter -->
<testsuite hostname="SIDCD495" name="com.xp8.test.XP8_SoundRecTest" tests="12" failures="0" timestamp="4 Dec 2017 06:29:59 GMT" time="1230.307" errors="0">
  <testcase name="XP8_SR_011_Select_and_Play_SoundRecordingList" time="108.786" classname="com.xp8.test.XP8_SoundRecTest"/>
  <testcase name="XP8_SR_005_Record_and_Delete_Sound" time="106.053" classname="com.xp8.test.XP8_SoundRecTest"/>
  <testcase name="XP8_SR_004_Record_and_Discard_Sound" time="70.948" classname="com.xp8.test.XP8_SoundRecTest"/>
  <testcase name="XP8_SR_012_VoiceCall_interaction" time="76.262" classname="com.xp8.test.XP8_SoundRecTest"/>
  <testcase name="XP8_SR_002_Launch_and_Select_ListOpt_Sounds" time="53.949" classname="com.xp8.test.XP8_SoundRecTest"/>
  <testcase name="XP8_SR_001_Launch_and_Exit_SoundRecorder" time="47.278" classname="com.xp8.test.XP8_SoundRecTest"/>
  <testcase name="XP8_SR_009_Pause_and_Resume_SoundRecording" time="70.616" classname="com.xp8.test.XP8_SoundRecTest"/>
  <testcase name="XP8_SR_013_SoundRec_In_SilentMode" time="74.091" classname="com.xp8.test.XP8_SoundRecTest"/>
  <testcase name="XP8_SR_003_Record_and_Save_Sound" time="83.213" classname="com.xp8.test.XP8_SoundRecTest"/>
  <testcase name="XP8_SR_008_DeleteMutiple_Sound" time="195.921" classname="com.xp8.test.XP8_SoundRecTest"/>
  <testcase name="XP8_SR_006_Record_and_Edit_Sound" time="135.059" classname="com.xp8.test.XP8_SoundRecTest"/>
  <testcase name="XP8_SR_010_Selectall_and_DeselectAll_Sounds" time="208.131" classname="com.xp8.test.XP8_SoundRecTest"/>
</testsuite> <!-- com.xp8.test.XP8_SoundRecTest -->
