<?xml version="1.0" encoding="UTF-8"?>
<!-- Generated by org.testng.reporters.JUnitReportReporter -->
<testsuite hostname="SIDCD495" name="com.xp8.test.XP8_FM_Test" tests="7" failures="0" timestamp="24 Nov 2017 06:49:28 GMT" time="375.632" errors="0">
  <testcase name="XP8_FM_014_FM_VoiceCall_interaction" time="46.966" classname="com.xp8.test.XP8_FM_Test"/>
  <testcase name="XP8_FM_016_FM_OpenFM_from_Notification" time="54.029" classname="com.xp8.test.XP8_FM_Test"/>
  <testcase name="XP8_FM_017_Mute_Speaker_Enable" time="59.113" classname="com.xp8.test.XP8_FM_Test"/>
  <testcase name="XP8_FM_018_VolumeUp_Down" time="50.401" classname="com.xp8.test.XP8_FM_Test"/>
  <testcase name="XP8_FM_015_Push_FM_Background" time="56.036" classname="com.xp8.test.XP8_FM_Test"/>
  <testcase name="XP8_FM_013_FM_ChangeStations_Forward_And_Back_Button" time="61.615" classname="com.xp8.test.XP8_FM_Test"/>
  <testcase name="XP8_FM_019_FM_Tune_SaveChannel" time="47.472" classname="com.xp8.test.XP8_FM_Test"/>
</testsuite> <!-- com.xp8.test.XP8_FM_Test -->
