<?xml version="1.0" encoding="UTF-8"?>
<!-- Generated by org.testng.reporters.JUnitReportReporter -->
<testsuite hostname="SIDCD495" name="com.xp8.test.XP8_SonimWarranty_Test" tests="14" failures="0" timestamp="27 Nov 2017 10:33:18 GMT" time="874.918" errors="0">
  <testcase name="XP8_SonimWarrantyReg_TC_014_Validate_All_Field" time="122.171" classname="com.xp8.test.XP8_SonimWarranty_Test"/>
  <testcase name="XP8_SonimWarrantyReg_TC_012_Validate_Email_Field" time="79.425" classname="com.xp8.test.XP8_SonimWarranty_Test"/>
  <testcase name="XP8_SonimWarrantyReg_TC_003_skip_AllFields_and_Validate" time="22.805" classname="com.xp8.test.XP8_SonimWarranty_Test"/>
  <testcase name="XP8_SonimWarrantyReg_TC_010_Validate_StateName_Field" time="66.925" classname="com.xp8.test.XP8_SonimWarranty_Test"/>
  <testcase name="XP8_SonimWarrantyReg_TC_009_Validate_City_Field" time="67.237" classname="com.xp8.test.XP8_SonimWarranty_Test"/>
  <testcase name="XP8_SonimWarrantyReg_TC_006_Validate_SecondtName_Field" time="66.828" classname="com.xp8.test.XP8_SonimWarranty_Test"/>
  <testcase name="XP8_SonimWarrantyReg_TC_001_Presence_Of_SWR_In_Scout" time="15.233" classname="com.xp8.test.XP8_SonimWarranty_Test"/>
  <testcase name="XP8_SonimWarrantyReg_TC_008_Validate_AddressField_1_Field" time="67.217" classname="com.xp8.test.XP8_SonimWarranty_Test"/>
  <testcase name="XP8_SonimWarrantyReg_TC_013_Validate_PhoneNumber_Field" time="70.677" classname="com.xp8.test.XP8_SonimWarranty_Test"/>
  <testcase name="XP8_SonimWarrantyReg_TC_005_Validate_FirstName_Field" time="69.937" classname="com.xp8.test.XP8_SonimWarranty_Test"/>
  <testcase name="XP8_SonimWarrantyReg_TC_007_Validate_CompanyName_Field" time="67.567" classname="com.xp8.test.XP8_SonimWarranty_Test"/>
  <testcase name="XP8_SonimWarrantyReg_TC_004_Validate_CountryName_In_Scout" time="72.132" classname="com.xp8.test.XP8_SonimWarranty_Test"/>
  <testcase name="XP8_SonimWarrantyReg_TC_002_Presence_Of_Register_Option_In_Scout" time="17.244" classname="com.xp8.test.XP8_SonimWarranty_Test"/>
  <testcase name="XP8_SonimWarrantyReg_TC_011_Validate_ZipCode_Field" time="69.520" classname="com.xp8.test.XP8_SonimWarranty_Test"/>
</testsuite> <!-- com.xp8.test.XP8_SonimWarranty_Test -->
