<?xml version="1.0" encoding="UTF-8"?>
<!-- Generated by org.testng.reporters.JUnitReportReporter -->
<testsuite skipped="0" hostname="SIDCD495O" name="com.xp8.ATTStability.ATT_Stability_Browser_Test" tests="4" failures="0" timestamp="05 Nov 2018 08:40:40 GMT" time="3527.025" errors="0">
  <testcase name="XP8_TC_01_Stability_Setting_Up_Preconditions_Browser" time="791.519" classname="com.xp8.ATTStability.ATT_Stability_Browser_Test"/>
  <testcase name="XP8_TC_02_Stability_Open_Browser_Load_ATT_HomePage" time="906.883" classname="com.xp8.ATTStability.ATT_Stability_Browser_Test"/>
  <testcase name="XP8_TC_03_Stability_Navigate_to_Link_and_clickOn_Link" time="353.534" classname="com.xp8.ATTStability.ATT_Stability_Browser_Test"/>
  <testcase name="XP8_TC_04_Stability_Load_Top_Websites" time="1475.089" classname="com.xp8.ATTStability.ATT_Stability_Browser_Test"/>
</testsuite> <!-- com.xp8.ATTStability.ATT_Stability_Browser_Test -->
