<?xml version="1.0" encoding="UTF-8"?>
<!-- Generated by org.testng.reporters.JUnitReportReporter -->
<testsuite skipped="0" hostname="SIDCD495O" name="com.xp8.StabilityTest.XP8_SMS_StabilityTest_Orio" tests="3" failures="0" timestamp="15 Apr 2019 09:43:05 GMT" time="255.764" errors="0">
  <testcase name="XP8_TC_001_Stability_Validate_Send_MO_SMS" time="92.742" classname="com.xp8.StabilityTest.XP8_SMS_StabilityTest_Orio"/>
  <testcase name="XP8_TC_002_Stability_Validate_MO_SMS_Maximum_NumberOfCharacters" time="105.551" classname="com.xp8.StabilityTest.XP8_SMS_StabilityTest_Orio"/>
  <testcase name="XP8_TC_003_Stability_Validate_MT_SMS" time="57.471" classname="com.xp8.StabilityTest.XP8_SMS_StabilityTest_Orio"/>
</testsuite> <!-- com.xp8.StabilityTest.XP8_SMS_StabilityTest_Orio -->
