<?xml version="1.0" encoding="UTF-8"?>
<!-- Generated by org.testng.reporters.JUnitReportReporter -->
<testsuite skipped="0" hostname="SIDCD495O" name="com.xp8.ATTStability.ATT_Stability_Telephony_Test" tests="4" failures="0" timestamp="23 Oct 2018 07:29:06 GMT" time="2835.155" errors="0">
  <testcase name="XP8_TC_01_Stability_Setting_Up_Preconditions" time="2024.941" classname="com.xp8.ATTStability.ATT_Stability_Telephony_Test"/>
  <testcase name="XP8_TC_02_Stability_Validate_MO_VoLTE_voicecall_from_phonebook" time="378.421" classname="com.xp8.ATTStability.ATT_Stability_Telephony_Test"/>
  <testcase name="XP8_TC_03_Stability_Validate_MO_VoLTE_voicecall_from_CallHistoryList" time="298.111" classname="com.xp8.ATTStability.ATT_Stability_Telephony_Test"/>
  <testcase name="XP8_TC_04_Stability_Validate_MT_VoLTE_voicecall" time="133.682" classname="com.xp8.ATTStability.ATT_Stability_Telephony_Test"/>
</testsuite> <!-- com.xp8.ATTStability.ATT_Stability_Telephony_Test -->
