<?xml version="1.0" encoding="UTF-8"?>
<!-- Generated by org.testng.reporters.JUnitReportReporter -->
<testsuite skipped="14" hostname="SIDCD495O" name="com.xp8.test.XP8_Stability_Test" tests="15" failures="0" timestamp="12 Nov 2018 12:13:57 GMT" time="62.354" errors="1">
  <testcase name="setUp" time="62.354" classname="com.xp8.test.XP8_Stability_Test">
    <error type="org.openqa.selenium.WebDriverException" message="An unknown server-side error occurred while processing the command. Original error: Cannot start the &#039;com.google.android.dialer&#039; application. Original error: Cannot start the &#039;com.google.android.dialer&#039; application. Original error: Activity name &#039;.com.google.android.dialer.DialtactsActivity&#039; used to start the app doesn&#039;t exist or cannot be launched! Make sure it exists and is a launchable activity (WARNING: The server did not provide any stacktrace information)
Command duration or timeout: 61.80 seconds
Build info: version: &#039;2.53.0&#039;, revision: &#039;35ae25b1534ae328c771e0856c93e187490ca824&#039;, time: &#039;2016-03-15 10:43:46&#039;
System info: host: &#039;SIDCD495O&#039;, ip: &#039;10.15.3.62&#039;, os.name: &#039;Windows 7&#039;, os.arch: &#039;amd64&#039;, os.version: &#039;6.1&#039;, java.version: &#039;1.8.0_131&#039;
Driver info: io.appium.java_client.android.AndroidDriver">
      <![CDATA[org.openqa.selenium.WebDriverException: An unknown server-side error occurred while processing the command. Original error: Cannot start the 'com.google.android.dialer' application. Original error: Cannot start the 'com.google.android.dialer' application. Original error: Activity name '.com.google.android.dialer.DialtactsActivity' used to start the app doesn't exist or cannot be launched! Make sure it exists and is a launchable activity (WARNING: The server did not provide any stacktrace information)Command duration or timeout: 61.80 secondsBuild info: version: '2.53.0', revision: '35ae25b1534ae328c771e0856c93e187490ca824', time: '2016-03-15 10:43:46'System info: host: 'SIDCD495O', ip: '10.15.3.62', os.name: 'Windows 7', os.arch: 'amd64', os.version: '6.1', java.version: '1.8.0_131'Driver info: io.appium.java_client.android.AndroidDriverat sun.reflect.NativeConstructorAccessorImpl.newInstance0(Native Method)at sun.reflect.NativeConstructorAccessorImpl.newInstance(Unknown Source)at sun.reflect.DelegatingConstructorAccessorImpl.newInstance(Unknown Source)at java.lang.reflect.Constructor.newInstance(Unknown Source)at org.openqa.selenium.remote.ErrorHandler.createThrowable(ErrorHandler.java:206)at org.openqa.selenium.remote.ErrorHandler.throwIfResponseFailed(ErrorHandler.java:158)at org.openqa.selenium.remote.RemoteWebDriver.execute(RemoteWebDriver.java:678)at io.appium.java_client.DefaultGenericMobileDriver.execute(DefaultGenericMobileDriver.java:42)at io.appium.java_client.AppiumDriver.execute(AppiumDriver.java:1)at io.appium.java_client.android.AndroidDriver.execute(AndroidDriver.java:1)at org.openqa.selenium.remote.RemoteWebDriver.startSession(RemoteWebDriver.java:249)at org.openqa.selenium.remote.RemoteWebDriver.<init>(RemoteWebDriver.java:131)at org.openqa.selenium.remote.RemoteWebDriver.<init>(RemoteWebDriver.java:144)at io.appium.java_client.DefaultGenericMobileDriver.<init>(DefaultGenericMobileDriver.java:37)at io.appium.java_client.AppiumDriver.<init>(AppiumDriver.java:161)at io.appium.java_client.AppiumDriver.<init>(AppiumDriver.java:170)at io.appium.java_client.android.AndroidDriver.<init>(AndroidDriver.java:82)at com.xp8.util.CommonConfig.setUp(CommonConfig.java:86)at sun.reflect.NativeMethodAccessorImpl.invoke0(Native Method)at sun.reflect.NativeMethodAccessorImpl.invoke(Unknown Source)at sun.reflect.DelegatingMethodAccessorImpl.invoke(Unknown Source)at java.lang.reflect.Method.invoke(Unknown Source)at org.testng.internal.MethodInvocationHelper.invokeMethod(MethodInvocationHelper.java:124)at org.testng.internal.MethodInvocationHelper.invokeMethodConsideringTimeout(MethodInvocationHelper.java:59)at org.testng.internal.Invoker.invokeConfigurationMethod(Invoker.java:451)at org.testng.internal.Invoker.invokeConfigurations(Invoker.java:222)at org.testng.internal.Invoker.invokeConfigurations(Invoker.java:142)at org.testng.TestRunner.beforeRun(TestRunner.java:529)at org.testng.TestRunner.run(TestRunner.java:497)at org.testng.SuiteRunner.runTest(SuiteRunner.java:455)at org.testng.SuiteRunner.runSequentially(SuiteRunner.java:450)at org.testng.SuiteRunner.privateRun(SuiteRunner.java:415)at org.testng.SuiteRunner.run(SuiteRunner.java:364)at org.testng.SuiteRunnerWorker.runSuite(SuiteRunnerWorker.java:52)at org.testng.SuiteRunnerWorker.run(SuiteRunnerWorker.java:84)at org.testng.TestNG.runSuitesSequentially(TestNG.java:1187)at org.testng.TestNG.runSuitesLocally(TestNG.java:1116)at org.testng.TestNG.runSuites(TestNG.java:1028)at org.testng.TestNG.run(TestNG.java:996)at org.testng.remote.AbstractRemoteTestNG.run(AbstractRemoteTestNG.java:114)at org.testng.remote.RemoteTestNG.initAndRun(RemoteTestNG.java:251)at org.testng.remote.RemoteTestNG.main(RemoteTestNG.java:77)]]>
    </error>
  </testcase> <!-- setUp -->
  <testcase name="XP8_TC_01_Stability_Validate_Contact_Creation" time="0.000" classname="com.xp8.test.XP8_Stability_Test">
    <skipped/>
  </testcase> <!-- XP8_TC_01_Stability_Validate_Contact_Creation -->
  <testcase name="XP8_TC_02_Stability_Validate_Send_MO_IMS_SMS" time="0.000" classname="com.xp8.test.XP8_Stability_Test">
    <skipped/>
  </testcase> <!-- XP8_TC_02_Stability_Validate_Send_MO_IMS_SMS -->
  <testcase name="XP8_TC_03_Stability_Validate_Send_MO_Non_IMS_SMS" time="0.000" classname="com.xp8.test.XP8_Stability_Test">
    <skipped/>
  </testcase> <!-- XP8_TC_03_Stability_Validate_Send_MO_Non_IMS_SMS -->
  <testcase name="XP8_TC_04_Stability_Validate_MO_SMS_Maximum_NumberOfCharacters" time="0.000" classname="com.xp8.test.XP8_Stability_Test">
    <skipped/>
  </testcase> <!-- XP8_TC_04_Stability_Validate_MO_SMS_Maximum_NumberOfCharacters -->
  <testcase name="XP8_TC_05_Stability_Validate_MT_SMS" time="0.000" classname="com.xp8.test.XP8_Stability_Test">
    <skipped/>
  </testcase> <!-- XP8_TC_05_Stability_Validate_MT_SMS -->
  <testcase name="XP8_TC_06_Stability_Validate_MO_MMS_With_Picture" time="0.000" classname="com.xp8.test.XP8_Stability_Test">
    <skipped/>
  </testcase> <!-- XP8_TC_06_Stability_Validate_MO_MMS_With_Picture -->
  <testcase name="XP8_TC_07_Stability_Validate_MO_MMS_With_Video" time="0.000" classname="com.xp8.test.XP8_Stability_Test">
    <skipped/>
  </testcase> <!-- XP8_TC_07_Stability_Validate_MO_MMS_With_Video -->
  <testcase name="XP8_TC_08_Stability_Validate_MOVoiceCall_CSFB_from_Contacts" time="0.000" classname="com.xp8.test.XP8_Stability_Test">
    <skipped/>
  </testcase> <!-- XP8_TC_08_Stability_Validate_MOVoiceCall_CSFB_from_Contacts -->
  <testcase name="XP8_TC_09_Stability_Validate_MOVoiceCall_CSFB_from_CallHistory" time="0.000" classname="com.xp8.test.XP8_Stability_Test">
    <skipped/>
  </testcase> <!-- XP8_TC_09_Stability_Validate_MOVoiceCall_CSFB_from_CallHistory -->
  <testcase name="XP8_TC_10_Stability_Validate_MO_IMSVoiceCall_from_Contacts" time="0.000" classname="com.xp8.test.XP8_Stability_Test">
    <skipped/>
  </testcase> <!-- XP8_TC_10_Stability_Validate_MO_IMSVoiceCall_from_Contacts -->
  <testcase name="XP8_TC_11_Stability_Validate_MO_IMSVoiceCall_from_CallHistory" time="0.000" classname="com.xp8.test.XP8_Stability_Test">
    <skipped/>
  </testcase> <!-- XP8_TC_11_Stability_Validate_MO_IMSVoiceCall_from_CallHistory -->
  <testcase name="XP8_TC_12_Stability_Validate_WiFi_ConnectDisconnect_SSID" time="0.000" classname="com.xp8.test.XP8_Stability_Test">
    <skipped/>
  </testcase> <!-- XP8_TC_12_Stability_Validate_WiFi_ConnectDisconnect_SSID -->
  <testcase name="XP8_TC_13_Stability_Validate_WiFi_Turn_ON_OFF" time="0.000" classname="com.xp8.test.XP8_Stability_Test">
    <skipped/>
  </testcase> <!-- XP8_TC_13_Stability_Validate_WiFi_Turn_ON_OFF -->
  <testcase name="XP8_TC_14_Stability_Validate_Browse_Visit_WebPage" time="0.000" classname="com.xp8.test.XP8_Stability_Test">
    <skipped/>
  </testcase> <!-- XP8_TC_14_Stability_Validate_Browse_Visit_WebPage -->
</testsuite> <!-- com.xp8.test.XP8_Stability_Test -->
