<?xml version="1.0" encoding="UTF-8"?>
<!-- Generated by org.testng.reporters.JUnitReportReporter -->
<testsuite skipped="1" hostname="SIDCD702" name="com.xp8.test.XP8_WiFi_Stability_Test" tests="2" failures="0" timestamp="23 Jul 2019 06:44:48 GMT" time="238.772" errors="0">
  <testcase name="XP8_TC_001_Stability_Connection_and_Disconnection_Secured_Wifi_DeviceSettings" time="238.772" classname="com.xp8.test.XP8_WiFi_Stability_Test"/>
  <testcase name="XP8_TC_002_Stability_Enable_Disable_Connection_Secured_Wifi_DeviceSettings" classname="com.xp8.test.XP8_WiFi_Stability_Test">
    <skipped/>
  </testcase> <!-- XP8_TC_002_Stability_Enable_Disable_Connection_Secured_Wifi_DeviceSettings -->
</testsuite> <!-- com.xp8.test.XP8_WiFi_Stability_Test -->
