<?xml version="1.0" encoding="UTF-8"?>
<!-- Generated by org.testng.reporters.JUnitReportReporter -->
<testsuite hostname="SIDCD495" name="com.xp8.test.Trial" tests="2" failures="0" timestamp="13 Nov 2017 05:02:16 GMT" time="224.349" errors="0">
  <testcase name="XP8_BRWSR_025_validate_Edit_Homepage_Open" time="136.343" classname="com.xp8.test.Trial"/>
  <testcase name="XP8_BRWSR_021_validate_Find_In_Page" time="88.006" classname="com.xp8.test.Trial"/>
</testsuite> <!-- com.xp8.test.Trial -->
