<?xml version="1.0" encoding="UTF-8"?>
<!-- Generated by org.testng.reporters.JUnitReportReporter -->
<testsuite skipped="0" hostname="SIDCD495O" name="com.xp8.test.ATT_Stability_Test" tests="4" failures="0" timestamp="09 Oct 2018 06:09:30 GMT" time="1895.292" errors="0">
  <testcase name="XP8_TC_01_Stability_Setting_Up_Preconditions" time="1864.156" classname="com.xp8.test.ATT_Stability_Test"/>
  <testcase name="XP8_TC_02_Stability_Validate_MO_VoLTE_voicecall_from_phonebook" time="7.580" classname="com.xp8.test.ATT_Stability_Test"/>
  <testcase name="XP8_TC_03_Stability_Validate_MO_VoLTE_voicecall_from_CallHistoryList" time="7.889" classname="com.xp8.test.ATT_Stability_Test"/>
  <testcase name="XP8_TC_04_Stability_Validate_MT_VoLTE_voicecall" time="15.667" classname="com.xp8.test.ATT_Stability_Test"/>
</testsuite> <!-- com.xp8.test.ATT_Stability_Test -->
