<?xml version="1.0" encoding="UTF-8"?>
<!-- Generated by org.testng.reporters.JUnitReportReporter -->
<testsuite skipped="0" hostname="SIDCD702" name="com.xp8.test.XP8_Device_QA_Sanity_Test_O" tests="1" failures="0" timestamp="20 Aug 2019 07:04:55 GMT" time="60.660" errors="0">
  <testcase name="XP8_DeviceSanity_017_Check_Able_Receive_SMS" time="60.660" classname="com.xp8.test.XP8_Device_QA_Sanity_Test_O"/>
</testsuite> <!-- com.xp8.test.XP8_Device_QA_Sanity_Test_O -->
