<?xml version="1.0" encoding="UTF-8"?>
<!-- Generated by org.testng.reporters.JUnitReportReporter -->
<testsuite hostname="SIDCD495" name="com.xp8.test.XP8_SonimCareTest" tests="25" failures="0" timestamp="20 Nov 2017 13:05:27 GMT" time="3011.163" errors="0">
  <testcase name="SonimCare_22_Validate_battery_info_battery_feature_Screen" time="124.138" classname="com.xp8.test.XP8_SonimCareTest"/>
  <testcase name="SonimCare_09_Validate_Battery_Service_History" time="89.971" classname="com.xp8.test.XP8_SonimCareTest"/>
  <testcase name="SonimCare_18_Validate_HyperLinks_Alerts_battery_Feature" time="167.503" classname="com.xp8.test.XP8_SonimCareTest"/>
  <testcase name="SonimCare_25_validate_sonimScout_client_presence" time="68.690" classname="com.xp8.test.XP8_SonimCareTest"/>
  <testcase name="SonimCare_21_Validate_Wifi_info_wifi_feature_Screen" time="146.891" classname="com.xp8.test.XP8_SonimCareTest"/>
  <testcase name="SonimCare_08_Validate_Battery_scanTest_Values" time="89.540" classname="com.xp8.test.XP8_SonimCareTest"/>
  <testcase name="SonimCare_12_Validate_Bluetooth_No_btn_Functionality" time="120.023" classname="com.xp8.test.XP8_SonimCareTest"/>
  <testcase name="SonimCare_07_Validate_Battery_diagnosis_Screen" time="87.123" classname="com.xp8.test.XP8_SonimCareTest"/>
  <testcase name="SonimCare_13_Validate_Back_Camera_No_btn_Functionality" time="134.416" classname="com.xp8.test.XP8_SonimCareTest"/>
  <testcase name="SonimCare_17_Validate_HyperLinks_Alerts_wifiFeature" time="152.737" classname="com.xp8.test.XP8_SonimCareTest"/>
  <testcase name="SonimCare_02_Validate_Wifi_Scan_Test" time="172.227" classname="com.xp8.test.XP8_SonimCareTest"/>
  <testcase name="SonimCare_04_Validate_Battery_Scan_Test" time="106.080" classname="com.xp8.test.XP8_SonimCareTest"/>
  <testcase name="SonimCare_06_Validate_Bluetooth_Scan_Test" time="99.456" classname="com.xp8.test.XP8_SonimCareTest"/>
  <testcase name="SonimCare_10_Validate_SonimCare_Video_Feature" time="88.316" classname="com.xp8.test.XP8_SonimCareTest"/>
  <testcase name="SonimCare_16_Validate_Battery_No_btn_Functionality" time="133.104" classname="com.xp8.test.XP8_SonimCareTest"/>
  <testcase name="SonimCare_11_Validate_Wifi_No_btn_Functionality" time="134.782" classname="com.xp8.test.XP8_SonimCareTest"/>
  <testcase name="SonimCare_01_Validate_SonimCare_HomeScreen" time="70.815" classname="com.xp8.test.XP8_SonimCareTest"/>
  <testcase name="SonimCare_05_Validate_Clear_CacheMemory_Test" time="120.767" classname="com.xp8.test.XP8_SonimCareTest"/>
  <testcase name="SonimCare_14_Validate_Flash_light_No_btn_Functionality" time="122.311" classname="com.xp8.test.XP8_SonimCareTest"/>
  <testcase name="SonimCare_20_Validate_Device_info_Self_Diagnosis_Screen" time="112.696" classname="com.xp8.test.XP8_SonimCareTest"/>
  <testcase name="SonimCare_03_Validate_BackCamera_Scan_Test" time="124.961" classname="com.xp8.test.XP8_SonimCareTest"/>
  <testcase name="SonimCare_19_Validate_HyperLinks_Alerts_Self_Diagnosis_Screen" time="162.258" classname="com.xp8.test.XP8_SonimCareTest"/>
  <testcase name="SonimCare_23_validate_diagnosis_report_dialog" time="122.602" classname="com.xp8.test.XP8_SonimCareTest"/>
  <testcase name="SonimCare_15_Validate_Display_No_btn_Functionality" time="132.746" classname="com.xp8.test.XP8_SonimCareTest"/>
  <testcase name="SonimCare_24_Validate_diagnosis_report_delivery" time="127.010" classname="com.xp8.test.XP8_SonimCareTest"/>
</testsuite> <!-- com.xp8.test.XP8_SonimCareTest -->
