<?xml version="1.0" encoding="UTF-8"?>
<!-- Generated by org.testng.reporters.JUnitReportReporter -->
<testsuite skipped="12" hostname="SIDCD703" name="com.xp8.test.XP8_Stability_Test_Orio" tests="15" failures="0" timestamp="22 Jul 2019 04:29:12 GMT" time="683.349" errors="1">
  <testcase name="tearDown" time="9.310" classname="com.xp8.test.XP8_Stability_Test_Orio">
    <error type="org.openqa.selenium.remote.SessionNotFoundException" message="A session is either terminated or not started (WARNING: The server did not provide any stacktrace information)
Command duration or timeout: 7 milliseconds
Build info: version: &#039;2.53.0&#039;, revision: &#039;35ae25b1534ae328c771e0856c93e187490ca824&#039;, time: &#039;2016-03-15 10:43:46&#039;
System info: host: &#039;SIDCD703&#039;, ip: &#039;10.15.6.129&#039;, os.name: &#039;Windows 7&#039;, os.arch: &#039;amd64&#039;, os.version: &#039;6.1&#039;, java.version: &#039;1.8.0_211&#039;
Driver info: io.appium.java_client.android.AndroidDriver
Capabilities [{appPackage=com.sonim.scout, statBarHeight=72, viewportRect={top=72, left=0, width=1080, height=1848}, deviceName=67dac2cd, platform=LINUX, deviceUDID=67dac2cd, desired={appPackage=com.sonim.scout, appActivity=com.sonim.scout.activities.MainActivity, newCommandTimeout=500, platformVersion=8.1.0, autoGrantPermissions=true, udid=67dac2cd, platformName=Android, deviceName=XP8800, autoAcceptAlerts=true}, newCommandTimeout=500, platformVersion=8.1.0, webStorageEnabled=false, takesScreenshot=true, javascriptEnabled=true, udid=67dac2cd, platformName=Android, deviceApiLevel=27, deviceManufacturer=Sonimtech, deviceScreenSize=1080x1920, networkConnectionEnabled=true, warnings={}, databaseEnabled=false, appActivity=com.sonim.scout.activities.MainActivity, pixelRatio=3, locationContextEnabled=false, autoGrantPermissions=true, deviceScreenDensity=480, deviceModel=XP8800, autoAcceptAlerts=true}]
Session ID: 8631a730-33fd-47b4-ad59-7fa7e0b10dd2">
      <![CDATA[org.openqa.selenium.remote.SessionNotFoundException: A session is either terminated or not started (WARNING: The server did not provide any stacktrace information)
Command duration or timeout: 7 milliseconds
Build info: version: '2.53.0', revision: '35ae25b1534ae328c771e0856c93e187490ca824', time: '2016-03-15 10:43:46'
System info: host: 'SIDCD703', ip: '10.15.6.129', os.name: 'Windows 7', os.arch: 'amd64', os.version: '6.1', java.version: '1.8.0_211'
Driver info: io.appium.java_client.android.AndroidDriver
Capabilities [{appPackage=com.sonim.scout, statBarHeight=72, viewportRect={top=72, left=0, width=1080, height=1848}, deviceName=67dac2cd, platform=LINUX, deviceUDID=67dac2cd, desired={appPackage=com.sonim.scout, appActivity=com.sonim.scout.activities.MainActivity, newCommandTimeout=500, platformVersion=8.1.0, autoGrantPermissions=true, udid=67dac2cd, platformName=Android, deviceName=XP8800, autoAcceptAlerts=true}, newCommandTimeout=500, platformVersion=8.1.0, webStorageEnabled=false, takesScreenshot=true, javascriptEnabled=true, udid=67dac2cd, platformName=Android, deviceApiLevel=27, deviceManufacturer=Sonimtech, deviceScreenSize=1080x1920, networkConnectionEnabled=true, warnings={}, databaseEnabled=false, appActivity=com.sonim.scout.activities.MainActivity, pixelRatio=3, locationContextEnabled=false, autoGrantPermissions=true, deviceScreenDensity=480, deviceModel=XP8800, autoAcceptAlerts=true}]
Session ID: 8631a730-33fd-47b4-ad59-7fa7e0b10dd2
at sun.reflect.GeneratedConstructorAccessor44.newInstance(Unknown Source)
at sun.reflect.DelegatingConstructorAccessorImpl.newInstance(Unknown Source)
at java.lang.reflect.Constructor.newInstance(Unknown Source)
at org.openqa.selenium.remote.ErrorHandler.createThrowable(ErrorHandler.java:206)
at org.openqa.selenium.remote.ErrorHandler.throwIfResponseFailed(ErrorHandler.java:158)
at org.openqa.selenium.remote.RemoteWebDriver.execute(RemoteWebDriver.java:678)
at io.appium.java_client.DefaultGenericMobileDriver.execute(DefaultGenericMobileDriver.java:42)
at io.appium.java_client.AppiumDriver.execute(AppiumDriver.java:1)
at io.appium.java_client.android.AndroidDriver.execute(AndroidDriver.java:1)
at io.appium.java_client.android.AndroidDriver.pressKeyCode(AndroidDriver.java:164)
at com.xp8.util.BaseUtil.clearRecentApps(BaseUtil.java:68)
at com.xp8.test.XP8_Stability_Test_Orio.tearDown(XP8_Stability_Test_Orio.java:127)
at sun.reflect.NativeMethodAccessorImpl.invoke0(Native Method)
at sun.reflect.NativeMethodAccessorImpl.invoke(Unknown Source)
at sun.reflect.DelegatingMethodAccessorImpl.invoke(Unknown Source)
at java.lang.reflect.Method.invoke(Unknown Source)
at org.testng.internal.MethodInvocationHelper.invokeMethod(MethodInvocationHelper.java:124)
at org.testng.internal.MethodInvocationHelper.invokeMethodConsideringTimeout(MethodInvocationHelper.java:59)
at org.testng.internal.Invoker.invokeConfigurationMethod(Invoker.java:458)
at org.testng.internal.Invoker.invokeConfigurations(Invoker.java:222)
at org.testng.internal.Invoker.invokeMethod(Invoker.java:646)
at org.testng.internal.Invoker.invokeTestMethod(Invoker.java:719)
at org.testng.internal.Invoker.invokeTestMethods(Invoker.java:989)
at org.testng.internal.TestMethodWorker.invokeTestMethods(TestMethodWorker.java:125)
at org.testng.internal.TestMethodWorker.run(TestMethodWorker.java:109)
at org.testng.TestRunner.privateRun(TestRunner.java:648)
at org.testng.TestRunner.run(TestRunner.java:505)
at org.testng.SuiteRunner.runTest(SuiteRunner.java:455)
at org.testng.SuiteRunner.runSequentially(SuiteRunner.java:450)
at org.testng.SuiteRunner.privateRun(SuiteRunner.java:415)
at org.testng.SuiteRunner.run(SuiteRunner.java:364)
at org.testng.SuiteRunnerWorker.runSuite(SuiteRunnerWorker.java:52)
at org.testng.SuiteRunnerWorker.run(SuiteRunnerWorker.java:84)
at org.testng.TestNG.runSuitesSequentially(TestNG.java:1208)
at org.testng.TestNG.runSuitesLocally(TestNG.java:1137)
at org.testng.TestNG.runSuites(TestNG.java:1049)
at org.testng.TestNG.run(TestNG.java:1017)
at org.testng.remote.AbstractRemoteTestNG.run(AbstractRemoteTestNG.java:115)
at org.testng.remote.RemoteTestNG.initAndRun(RemoteTestNG.java:251)
at org.testng.remote.RemoteTestNG.main(RemoteTestNG.java:77)
]]>
    </error>
  </testcase> <!-- tearDown -->
  <testcase name="XP8_TC_01_Stability_Validate_Contact_Creation" time="197.131" classname="com.xp8.test.XP8_Stability_Test_Orio"/>
  <testcase name="XP8_TC_02_Stability_Validate_Send_MO_IMS_SMS" time="476.908" classname="com.xp8.test.XP8_Stability_Test_Orio"/>
  <testcase name="XP8_TC_03_Stability_Validate_Send_MO_Non_IMS_SMS" time="0.000" classname="com.xp8.test.XP8_Stability_Test_Orio">
    <skipped/>
  </testcase> <!-- XP8_TC_03_Stability_Validate_Send_MO_Non_IMS_SMS -->
  <testcase name="XP8_TC_04_Stability_Validate_MO_SMS_Maximum_NumberOfCharacters" time="0.000" classname="com.xp8.test.XP8_Stability_Test_Orio">
    <skipped/>
  </testcase> <!-- XP8_TC_04_Stability_Validate_MO_SMS_Maximum_NumberOfCharacters -->
  <testcase name="XP8_TC_05_Stability_Validate_MT_SMS" time="0.000" classname="com.xp8.test.XP8_Stability_Test_Orio">
    <skipped/>
  </testcase> <!-- XP8_TC_05_Stability_Validate_MT_SMS -->
  <testcase name="XP8_TC_08_Stability_Validate_MOVoiceCall_CSFB_from_Contacts" time="0.000" classname="com.xp8.test.XP8_Stability_Test_Orio">
    <skipped/>
  </testcase> <!-- XP8_TC_08_Stability_Validate_MOVoiceCall_CSFB_from_Contacts -->
  <testcase name="XP8_TC_09_Stability_Validate_MOVoiceCall_CSFB_from_CallHistory" time="0.000" classname="com.xp8.test.XP8_Stability_Test_Orio">
    <skipped/>
  </testcase> <!-- XP8_TC_09_Stability_Validate_MOVoiceCall_CSFB_from_CallHistory -->
  <testcase name="XP8_TC_10_Stability_Validate_MO_IMSVoiceCall_from_Contacts" time="0.000" classname="com.xp8.test.XP8_Stability_Test_Orio">
    <skipped/>
  </testcase> <!-- XP8_TC_10_Stability_Validate_MO_IMSVoiceCall_from_Contacts -->
  <testcase name="XP8_TC_11_Stability_Validate_MO_IMSVoiceCall_from_CallHistory" time="0.000" classname="com.xp8.test.XP8_Stability_Test_Orio">
    <skipped/>
  </testcase> <!-- XP8_TC_11_Stability_Validate_MO_IMSVoiceCall_from_CallHistory -->
  <testcase name="XP8_TC_12_Stability_Validate_WiFi_ConnectDisconnect_SSID" time="0.000" classname="com.xp8.test.XP8_Stability_Test_Orio">
    <skipped/>
  </testcase> <!-- XP8_TC_12_Stability_Validate_WiFi_ConnectDisconnect_SSID -->
  <testcase name="XP8_TC_13_Stability_Validate_WiFi_Turn_ON_OFF" time="0.000" classname="com.xp8.test.XP8_Stability_Test_Orio">
    <skipped/>
  </testcase> <!-- XP8_TC_13_Stability_Validate_WiFi_Turn_ON_OFF -->
  <testcase name="XP8_TC_14_Stability_Validate_Browse_Visit_WebPage" time="0.000" classname="com.xp8.test.XP8_Stability_Test_Orio">
    <skipped/>
  </testcase> <!-- XP8_TC_14_Stability_Validate_Browse_Visit_WebPage -->
  <testcase name="XP8_TC_07_Stability_Validate_MO_MMS_With_Video" classname="com.xp8.test.XP8_Stability_Test_Orio">
    <skipped/>
  </testcase> <!-- XP8_TC_07_Stability_Validate_MO_MMS_With_Video -->
  <testcase name="XP8_TC_06_Stability_Validate_MO_MMS_With_Picture" classname="com.xp8.test.XP8_Stability_Test_Orio">
    <skipped/>
  </testcase> <!-- XP8_TC_06_Stability_Validate_MO_MMS_With_Picture -->
</testsuite> <!-- com.xp8.test.XP8_Stability_Test_Orio -->
