<?xml version="1.0" encoding="UTF-8"?>
<!-- Generated by org.testng.reporters.JUnitReportReporter -->
<testsuite skipped="0" hostname="SIDCD495O" name="com.xp8.StabilityTest.XP8_NetworkConnectivityTest_Orio" tests="4" failures="0" timestamp="23 Apr 2019 08:06:04 GMT" time="3245.570" errors="0">
  <testcase name="XP8_TC_001_Stability_Enable_Disable_MobileData_DeviceSettings" time="1176.048" classname="com.xp8.StabilityTest.XP8_NetworkConnectivityTest_Orio"/>
  <testcase name="XP8_TC_002_Stability_Enable_Disable_Connection_Secured_Wifi_DeviceSettings" time="868.122" classname="com.xp8.StabilityTest.XP8_NetworkConnectivityTest_Orio"/>
  <testcase name="XP8_TC_003_Stability_Enable_Disable_Airplane_Devicesettings" time="840.116" classname="com.xp8.StabilityTest.XP8_NetworkConnectivityTest_Orio"/>
  <testcase name="XP8_TC_004_Stability_Enable_Disable_BT_And_Scan_BT_Devices" time="361.284" classname="com.xp8.StabilityTest.XP8_NetworkConnectivityTest_Orio"/>
</testsuite> <!-- com.xp8.StabilityTest.XP8_NetworkConnectivityTest_Orio -->
