<?xml version="1.0" encoding="UTF-8"?>
<!-- Generated by org.testng.reporters.JUnitReportReporter -->
<testsuite hostname="SIDCD495" name="com.xp8.test.XP8_ProgrammableKey" tests="1" failures="0" timestamp="25 Oct 2017 05:20:25 GMT" time="36.056" errors="0">
  <testcase name="XP8_ProgrammableKey_01_Validate_ProgrammableKey_in_NativeSettings" time="36.056" classname="com.xp8.test.XP8_ProgrammableKey"/>
</testsuite> <!-- com.xp8.test.XP8_ProgrammableKey -->
