<?xml version="1.0" encoding="UTF-8"?>
<!-- Generated by org.testng.reporters.JUnitReportReporter -->
<testsuite hostname="sidcd481" name="com.xp5S.test.ClockTest" tests="1" failures="0" timestamp="9 Aug 2017 10:53:21 GMT" time="1.848" errors="0">
  <testcase name="launchSettings" time="1.848" classname="com.xp5S.test.ClockTest"/>
</testsuite> <!-- com.xp5S.test.ClockTest -->
