<?xml version="1.0" encoding="UTF-8"?>
<!-- Generated by org.testng.reporters.JUnitReportReporter -->
<testsuite skipped="0" hostname="SIDCD495O" name="com.xp8.ATTStability.XP8_Stability_Email_Test_Orio" tests="4" failures="0" timestamp="17 Dec 2018 07:26:17 GMT" time="963.875" errors="0">
  <testcase name="XP8_TC_01_Stability_Setting_Up_Preconditions_Email" time="509.038" classname="com.xp8.ATTStability.XP8_Stability_Email_Test_Orio"/>
  <testcase name="XP8_TC_02_Stability_Send_Email_Without_Attachment" time="128.932" classname="com.xp8.ATTStability.XP8_Stability_Email_Test_Orio"/>
  <testcase name="XP8_TC_03_Stability_Send_Email_With_Attachment" time="188.792" classname="com.xp8.ATTStability.XP8_Stability_Email_Test_Orio"/>
  <testcase name="XP8_TC_04_Stability_Validate_Open_Email" time="137.113" classname="com.xp8.ATTStability.XP8_Stability_Email_Test_Orio"/>
</testsuite> <!-- com.xp8.ATTStability.XP8_Stability_Email_Test_Orio -->
