<?xml version="1.0" encoding="UTF-8"?>
<!-- Generated by org.testng.reporters.JUnitReportReporter -->
<testsuite hostname="sidcd481" name="com.telematics.test.TelematicsTestFile" tests="8" failures="0" timestamp="16 May 2017 03:28:48 GMT" time="8.041" errors="0">
  <testcase name="assets" time="0.000" classname="com.telematics.test.TelematicsTestFile"/>
  <testcase name="login" time="2.018" classname="com.telematics.test.TelematicsTestFile"/>
  <testcase name="assets" time="0.000" classname="com.telematics.test.TelematicsTestFile"/>
  <testcase name="login" time="2.007" classname="com.telematics.test.TelematicsTestFile"/>
  <testcase name="assets" time="0.010" classname="com.telematics.test.TelematicsTestFile"/>
  <testcase name="login" time="2.005" classname="com.telematics.test.TelematicsTestFile"/>
  <testcase name="login" time="2.001" classname="com.telematics.test.TelematicsTestFile"/>
  <testcase name="assets" time="0.000" classname="com.telematics.test.TelematicsTestFile"/>
</testsuite> <!-- com.telematics.test.TelematicsTestFile -->
