<?xml version="1.0" encoding="UTF-8"?>
<!-- Generated by org.testng.reporters.JUnitReportReporter -->
<testsuite hostname="SIDCD558" name="com.xp8.test.XP8_Sanity_ATT_Test" tests="1" failures="0" timestamp="9 Jan 2018 13:21:14 GMT" time="18.771" errors="0">
  <testcase name="XP8_SAN_PST_001" time="18.771" classname="com.xp8.test.XP8_Sanity_ATT_Test"/>
</testsuite> <!-- com.xp8.test.XP8_Sanity_ATT_Test -->
