<?xml version="1.0" encoding="UTF-8"?>
<!-- Generated by org.testng.reporters.JUnitReportReporter -->
<testsuite skipped="0" hostname="SIDCD495O" name="com.xp8.StabilityTest.XP8_APK_DownloadTest" tests="1" failures="0" timestamp="28 Jan 2019 06:27:25 GMT" time="316.897" errors="0">
  <testcase name="XP8_TC_051_Stability_Uninstall_AllApps" time="316.897" classname="com.xp8.StabilityTest.XP8_APK_DownloadTest"/>
</testsuite> <!-- com.xp8.StabilityTest.XP8_APK_DownloadTest -->
