<?xml version="1.0" encoding="UTF-8"?>
<!-- Generated by org.testng.reporters.JUnitReportReporter -->
<testsuite skipped="18" hostname="SIDCD703" name="com.xp8.test.XP8_Call_Settings_Test" tests="19" failures="0" timestamp="19 Jun 2019 06:58:19 GMT" time="0.000" errors="1">
  <testcase name="setUp" time="0.000" classname="com.xp8.test.XP8_Call_Settings_Test">
    <error type="org.testng.TestNGException" message="
Parameter &#039;App_Package_Name_&#039; is required by BeforeTest on method setUp but has not been marked @Optional or defined
in C:\Users\navyashree.m\Desktop\XP8_AutomationProduct\testng.xml">
      <![CDATA[org.testng.TestNGException: 
Parameter 'App_Package_Name_' is required by BeforeTest on method setUp but has not been marked @Optional or defined
in C:\Users\navyashree.m\Desktop\XP8_AutomationProduct\testng.xml
at org.testng.internal.Parameters.createParams(Parameters.java:290)
at org.testng.internal.Parameters.createParametersForMethod(Parameters.java:359)
at org.testng.internal.Parameters.createParameters(Parameters.java:620)
at org.testng.internal.Parameters.createConfigurationParameters(Parameters.java:190)
at org.testng.internal.Invoker.invokeConfigurations(Invoker.java:209)
at org.testng.internal.Invoker.invokeConfigurations(Invoker.java:142)
at org.testng.TestRunner.beforeRun(TestRunner.java:529)
at org.testng.TestRunner.run(TestRunner.java:497)
at org.testng.SuiteRunner.runTest(SuiteRunner.java:455)
at org.testng.SuiteRunner.runSequentially(SuiteRunner.java:450)
at org.testng.SuiteRunner.privateRun(SuiteRunner.java:415)
at org.testng.SuiteRunner.run(SuiteRunner.java:364)
at org.testng.SuiteRunnerWorker.runSuite(SuiteRunnerWorker.java:52)
at org.testng.SuiteRunnerWorker.run(SuiteRunnerWorker.java:84)
at org.testng.TestNG.runSuitesSequentially(TestNG.java:1208)
at org.testng.TestNG.runSuitesLocally(TestNG.java:1137)
at org.testng.TestNG.runSuites(TestNG.java:1049)
at org.testng.TestNG.run(TestNG.java:1017)
at org.testng.remote.AbstractRemoteTestNG.run(AbstractRemoteTestNG.java:115)
at org.testng.remote.RemoteTestNG.initAndRun(RemoteTestNG.java:251)
at org.testng.remote.RemoteTestNG.main(RemoteTestNG.java:77)
]]>
    </error>
  </testcase> <!-- setUp -->
  <testcase name="XP8_TC_01_Call_Settings" time="0.000" classname="com.xp8.test.XP8_Call_Settings_Test">
    <skipped/>
  </testcase> <!-- XP8_TC_01_Call_Settings -->
  <testcase name="XP8_TC_02_Call_Settings_ValidateSettings_and_Displayoption" time="0.000" classname="com.xp8.test.XP8_Call_Settings_Test">
    <skipped/>
  </testcase> <!-- XP8_TC_02_Call_Settings_ValidateSettings_and_Displayoption -->
  <testcase name="XP8_TC_03_Call_Settings_ValidateSounds_and_VibrationSuboption" time="0.000" classname="com.xp8.test.XP8_Call_Settings_Test">
    <skipped/>
  </testcase> <!-- XP8_TC_03_Call_Settings_ValidateSounds_and_VibrationSuboption -->
  <testcase name="XP8_TC_04_Call_Settings_Validate_Quickresponses" time="0.000" classname="com.xp8.test.XP8_Call_Settings_Test">
    <skipped/>
  </testcase> <!-- XP8_TC_04_Call_Settings_Validate_Quickresponses -->
  <testcase name="XP8_TC_05_Call_Settings_Validate_Speeddialsettings" time="0.000" classname="com.xp8.test.XP8_Call_Settings_Test">
    <skipped/>
  </testcase> <!-- XP8_TC_05_Call_Settings_Validate_Speeddialsettings -->
  <testcase name="XP8_TC_06_Call_Settings_Call_Screening_black_white_list" time="0.000" classname="com.xp8.test.XP8_Call_Settings_Test">
    <skipped/>
  </testcase> <!-- XP8_TC_06_Call_Settings_Call_Screening_black_white_list -->
  <testcase name="XP8_TC_07_Call_Settings_Call_Screening_black_white_list_2" time="0.000" classname="com.xp8.test.XP8_Call_Settings_Test">
    <skipped/>
  </testcase> <!-- XP8_TC_07_Call_Settings_Call_Screening_black_white_list_2 -->
  <testcase name="XP8_TC_08_Call_Settings_Call_Screening" time="0.000" classname="com.xp8.test.XP8_Call_Settings_Test">
    <skipped/>
  </testcase> <!-- XP8_TC_08_Call_Settings_Call_Screening -->
  <testcase name="XP8_TC_09_Call_Settings_block_contactapp" time="0.000" classname="com.xp8.test.XP8_Call_Settings_Test">
    <skipped/>
  </testcase> <!-- XP8_TC_09_Call_Settings_block_contactapp -->
  <testcase name="XP8_TC_10_Call_Settings_Unblock_contactapp" time="0.000" classname="com.xp8.test.XP8_Call_Settings_Test">
    <skipped/>
  </testcase> <!-- XP8_TC_10_Call_Settings_Unblock_contactapp -->
  <testcase name="XP8_TC_11_Call_Settings_block_Unblock_Calldetails" time="0.000" classname="com.xp8.test.XP8_Call_Settings_Test">
    <skipped/>
  </testcase> <!-- XP8_TC_11_Call_Settings_block_Unblock_Calldetails -->
  <testcase name="XP8_TC_12_Call_Settings_Call_Screening_Screeningincomingcallsetting_option1" time="0.000" classname="com.xp8.test.XP8_Call_Settings_Test">
    <skipped/>
  </testcase> <!-- XP8_TC_12_Call_Settings_Call_Screening_Screeningincomingcallsetting_option1 -->
  <testcase name="XP8_TC_13_Call_Settings_Call_Screening_Screeningincomingcallsettingoption_blockblacklist" time="0.000" classname="com.xp8.test.XP8_Call_Settings_Test">
    <skipped/>
  </testcase> <!-- XP8_TC_13_Call_Settings_Call_Screening_Screeningincomingcallsettingoption_blockblacklist -->
  <testcase name="XP8_TC_14_Call_Settings_Call_Screening_Screeningincomingcallsettingoption_Allowonlycontacts" time="0.000" classname="com.xp8.test.XP8_Call_Settings_Test">
    <skipped/>
  </testcase> <!-- XP8_TC_14_Call_Settings_Call_Screening_Screeningincomingcallsettingoption_Allowonlycontacts -->
  <testcase name="XP8_TC_15_Call_Settings_Call_Screening_Screeningincomingcallsettingoption_Allowwhitelist" time="0.000" classname="com.xp8.test.XP8_Call_Settings_Test">
    <skipped/>
  </testcase> <!-- XP8_TC_15_Call_Settings_Call_Screening_Screeningincomingcallsettingoption_Allowwhitelist -->
  <testcase name="XP8_TC_16_Call_Settings_Call_Screening_Screeningoutgoingcalls" time="0.000" classname="com.xp8.test.XP8_Call_Settings_Test">
    <skipped/>
  </testcase> <!-- XP8_TC_16_Call_Settings_Call_Screening_Screeningoutgoingcalls -->
  <testcase name="XP8_TC_17_Call_Settings_Call_Screening_contactsScreeningoutgoingcalls" time="0.000" classname="com.xp8.test.XP8_Call_Settings_Test">
    <skipped/>
  </testcase> <!-- XP8_TC_17_Call_Settings_Call_Screening_contactsScreeningoutgoingcalls -->
  <testcase name="XP8_TC_18_validate_Editedquickresponse_displayproperly_duringcallscreen" time="0.000" classname="com.xp8.test.XP8_Call_Settings_Test">
    <skipped/>
  </testcase> <!-- XP8_TC_18_validate_Editedquickresponse_displayproperly_duringcallscreen -->
</testsuite> <!-- com.xp8.test.XP8_Call_Settings_Test -->
