<?xml version="1.0" encoding="UTF-8"?>
<!-- Generated by org.testng.reporters.JUnitReportReporter -->
<testsuite hostname="Sonim54" name="com.xp5S.test.CalcTest" tests="1" failures="0" timestamp="22 Aug 2017 08:32:51 GMT" time="8.079" errors="0">
  <testcase name="TC_01_Addition_XP8" time="8.079" classname="com.xp5S.test.CalcTest"/>
</testsuite> <!-- com.xp5S.test.CalcTest -->
