<?xml version="1.0" encoding="UTF-8"?>
<!-- Generated by org.testng.reporters.JUnitReportReporter -->
<testsuite skipped="0" hostname="SIDCD495O" name="com.xp8.StabilityTest.XP8_Browser_Stability_Test_Orio" tests="30" failures="0" timestamp="22 Jan 2019 07:57:04 GMT" time="1879.096" errors="0">
  <testcase name="XP8_TC_021_Stability_Load_Website_Grocery" time="63.732" classname="com.xp8.StabilityTest.XP8_Browser_Stability_Test_Orio"/>
  <testcase name="XP8_TC_022_Stability_Load_Website_DealsBuy" time="62.876" classname="com.xp8.StabilityTest.XP8_Browser_Stability_Test_Orio"/>
  <testcase name="XP8_TC_023_Stability_Load_Website_PizzaHut" time="64.188" classname="com.xp8.StabilityTest.XP8_Browser_Stability_Test_Orio"/>
  <testcase name="XP8_TC_024_Stability_Load_Website_AirportShuttles" time="62.426" classname="com.xp8.StabilityTest.XP8_Browser_Stability_Test_Orio"/>
  <testcase name="XP8_TC_025_Stability_Load_Website_Supershuttle" time="62.082" classname="com.xp8.StabilityTest.XP8_Browser_Stability_Test_Orio"/>
  <testcase name="XP8_TC_026_Stability_Load_Website_Uber" time="61.525" classname="com.xp8.StabilityTest.XP8_Browser_Stability_Test_Orio"/>
  <testcase name="XP8_TC_027_Stability_Load_Website_CNN" time="63.344" classname="com.xp8.StabilityTest.XP8_Browser_Stability_Test_Orio"/>
  <testcase name="XP8_TC_028_Stability_Load_Website_Reddit" time="65.396" classname="com.xp8.StabilityTest.XP8_Browser_Stability_Test_Orio"/>
  <testcase name="XP8_TC_029_Stability_Load_Website_Fox" time="63.466" classname="com.xp8.StabilityTest.XP8_Browser_Stability_Test_Orio"/>
  <testcase name="XP8_TC_030_Stability_Load_Website_BBC" time="63.458" classname="com.xp8.StabilityTest.XP8_Browser_Stability_Test_Orio"/>
  <testcase name="XP8_TC_031_Stability_Load_Website_ESPN" time="62.603" classname="com.xp8.StabilityTest.XP8_Browser_Stability_Test_Orio"/>
  <testcase name="XP8_TC_032_Stability_Load_Website_NFL" time="65.402" classname="com.xp8.StabilityTest.XP8_Browser_Stability_Test_Orio"/>
  <testcase name="XP8_TC_033_Stability_Load_Website_Hertz" time="64.898" classname="com.xp8.StabilityTest.XP8_Browser_Stability_Test_Orio"/>
  <testcase name="XP8_TC_034_Stability_Load_Website_Enterprise" time="61.493" classname="com.xp8.StabilityTest.XP8_Browser_Stability_Test_Orio"/>
  <testcase name="XP8_TC_035_Stability_Load_Website_Avis" time="63.135" classname="com.xp8.StabilityTest.XP8_Browser_Stability_Test_Orio"/>
  <testcase name="XP8_TC_036_Stability_Load_Website_Youtube" time="62.632" classname="com.xp8.StabilityTest.XP8_Browser_Stability_Test_Orio"/>
  <testcase name="XP8_TC_037_Stability_Load_Website_Hulu" time="59.372" classname="com.xp8.StabilityTest.XP8_Browser_Stability_Test_Orio"/>
  <testcase name="XP8_TC_038_Stability_Load_Website_Vimeo" time="60.347" classname="com.xp8.StabilityTest.XP8_Browser_Stability_Test_Orio"/>
  <testcase name="XP8_TC_039_Stability_Load_Website_Netflix" time="62.084" classname="com.xp8.StabilityTest.XP8_Browser_Stability_Test_Orio"/>
  <testcase name="XP8_TC_040_Stability_Load_Website_Spotify" time="62.668" classname="com.xp8.StabilityTest.XP8_Browser_Stability_Test_Orio"/>
  <testcase name="XP8_TC_041_Stability_Load_Website_Dice" time="61.927" classname="com.xp8.StabilityTest.XP8_Browser_Stability_Test_Orio"/>
  <testcase name="XP8_TC_042_Stability_Load_Website_Monster" time="59.840" classname="com.xp8.StabilityTest.XP8_Browser_Stability_Test_Orio"/>
  <testcase name="XP8_TC_043_Stability_Load_Website_Indeed" time="62.315" classname="com.xp8.StabilityTest.XP8_Browser_Stability_Test_Orio"/>
  <testcase name="XP8_TC_044_Stability_Load_Website_Facebook" time="62.037" classname="com.xp8.StabilityTest.XP8_Browser_Stability_Test_Orio"/>
  <testcase name="XP8_TC_045_Stability_Load_Website_Twitter" time="63.505" classname="com.xp8.StabilityTest.XP8_Browser_Stability_Test_Orio"/>
  <testcase name="XP8_TC_046_Stability_Load_Website_Instagram" time="61.948" classname="com.xp8.StabilityTest.XP8_Browser_Stability_Test_Orio"/>
  <testcase name="XP8_TC_047_Stability_Load_Website_MeetUp" time="61.716" classname="com.xp8.StabilityTest.XP8_Browser_Stability_Test_Orio"/>
  <testcase name="XP8_TC_048_Stability_Load_Website_Fedex" time="64.432" classname="com.xp8.StabilityTest.XP8_Browser_Stability_Test_Orio"/>
  <testcase name="XP8_TC_049_Stability_Load_Website_DHL" time="62.268" classname="com.xp8.StabilityTest.XP8_Browser_Stability_Test_Orio"/>
  <testcase name="XP8_TC_050_Stability_Load_Website_DTDC" time="61.981" classname="com.xp8.StabilityTest.XP8_Browser_Stability_Test_Orio"/>
</testsuite> <!-- com.xp8.StabilityTest.XP8_Browser_Stability_Test_Orio -->
