<?xml version="1.0" encoding="UTF-8"?>
<!-- Generated by org.testng.reporters.JUnitReportReporter -->
<testsuite hostname="SIDCD558" name="com.xp8.test.XP8_Sanity_Test" tests="48" failures="0" timestamp="27 Aug 2018 11:23:58 GMT" time="5003.141" errors="2">
  <testcase name="XP8_Sanity_020_Verify_AbleTo_Enable_Disable_Data_Service" time="223.004" classname="com.xp8.test.XP8_Sanity_Test"/>
  <testcase name="XP8_Sanity_047_Validate_Tune_FMStation" time="50.264" classname="com.xp8.test.XP8_Sanity_Test"/>
  <testcase name="XP8_Sanity_034_Verify_SIM_PIN_Lock_Enabled_From_Settings" time="156.284" classname="com.xp8.test.XP8_Sanity_Test"/>
  <testcase name="XP8_Sanity_003_Verify_EnableAndDisable_FlightMode" time="187.038" classname="com.xp8.test.XP8_Sanity_Test"/>
  <testcase name="XP8_Sanity_024_Verify_UserAble_Search_URLbar_from_Browser" time="291.612" classname="com.xp8.test.XP8_Sanity_Test"/>
  <testcase name="XP8_Sanity_008_Verify_ON_And_OFF_AirplaneMode_Quick_Panel" time="176.589" classname="com.xp8.test.XP8_Sanity_Test"/>
  <testcase name="XP8_Sanity_005_Verify_ON_And_OFF_WiFi_Quick_Panel" time="113.977" classname="com.xp8.test.XP8_Sanity_Test">
    <error type="java.lang.AssertionError" message="The following asserts failed:
null">
      <![CDATA[java.lang.AssertionError: The following asserts failed:
null
	at org.testng.asserts.SoftAssert.assertAll(SoftAssert.java:37)
	at com.xp8.util.XP8_Sanity_Util.validate_MobileData_Disable(XP8_Sanity_Util.java:1734)
	at com.xp8.test.XP8_Sanity_Test.XP8_Sanity_005_Verify_ON_And_OFF_WiFi_Quick_Panel(XP8_Sanity_Test.java:179)
	at sun.reflect.NativeMethodAccessorImpl.invoke0(Native Method)
	at sun.reflect.NativeMethodAccessorImpl.invoke(Unknown Source)
	at sun.reflect.DelegatingMethodAccessorImpl.invoke(Unknown Source)
	at java.lang.reflect.Method.invoke(Unknown Source)
	at org.testng.internal.MethodInvocationHelper.invokeMethod(MethodInvocationHelper.java:80)
	at org.testng.internal.Invoker.invokeMethod(Invoker.java:714)
	at org.testng.internal.Invoker.invokeTestMethod(Invoker.java:901)
	at org.testng.internal.Invoker.invokeTestMethods(Invoker.java:1231)
	at org.testng.internal.TestMethodWorker.invokeTestMethods(TestMethodWorker.java:127)
	at org.testng.internal.TestMethodWorker.run(TestMethodWorker.java:111)
	at org.testng.TestRunner.privateRun(TestRunner.java:767)
	at org.testng.TestRunner.run(TestRunner.java:617)
	at org.testng.SuiteRunner.runTest(SuiteRunner.java:334)
	at org.testng.SuiteRunner.runSequentially(SuiteRunner.java:329)
	at org.testng.SuiteRunner.privateRun(SuiteRunner.java:291)
	at org.testng.SuiteRunner.run(SuiteRunner.java:240)
	at org.testng.SuiteRunnerWorker.runSuite(SuiteRunnerWorker.java:52)
	at org.testng.SuiteRunnerWorker.run(SuiteRunnerWorker.java:86)
	at org.testng.TestNG.runSuitesSequentially(TestNG.java:1198)
	at org.testng.TestNG.runSuitesLocally(TestNG.java:1123)
	at org.testng.TestNG.run(TestNG.java:1031)
	at org.testng.remote.AbstractRemoteTestNG.run(AbstractRemoteTestNG.java:114)
	at org.testng.remote.RemoteTestNG.initAndRun(RemoteTestNG.java:251)
	at org.testng.remote.RemoteTestNG.main(RemoteTestNG.java:77)
]]>
    </error>
  </testcase> <!-- XP8_Sanity_005_Verify_ON_And_OFF_WiFi_Quick_Panel -->
  <testcase name="XP8_Sanity_019_Verify_AbleTo_Send_SinglePage_SMS" time="350.891" classname="com.xp8.test.XP8_Sanity_Test"/>
  <testcase name="XP8_Sanity_036_Verify_USB_Power_Saving_Option_Present_SystemSettings" time="32.305" classname="com.xp8.test.XP8_Sanity_Test"/>
  <testcase name="XP8_Sanity_011_Verify_Launch_SettingsFromQuickPanel" time="33.833" classname="com.xp8.test.XP8_Sanity_Test"/>
  <testcase name="XP8_Sanity_012_Verify_the_CallLogs" time="132.807" classname="com.xp8.test.XP8_Sanity_Test"/>
  <testcase name="XP8_Sanity_025_Verify_OperatorSpecified_PhoneLanguages_in_DUT" time="112.552" classname="com.xp8.test.XP8_Sanity_Test"/>
  <testcase name="XP8_Sanity_028_Verify_Able_Switch_ON_OFF_Flashlight_Quickpanel" time="48.635" classname="com.xp8.test.XP8_Sanity_Test"/>
  <testcase name="XP8_Sanity_045_Validate_enable_disable_DataRoamingService" time="57.376" classname="com.xp8.test.XP8_Sanity_Test"/>
  <testcase name="XP8_Sanity_017_Verify_UserCan_Delete_DesiredContact" time="76.587" classname="com.xp8.test.XP8_Sanity_Test"/>
  <testcase name="XP8_Sanity_023_Verify_Able_Perform_MultiRadioAccessBearer" time="193.324" classname="com.xp8.test.XP8_Sanity_Test"/>
  <testcase name="XP8_Sanity_033_Verify_Internal_Storage_Space_Capacity" time="30.375" classname="com.xp8.test.XP8_Sanity_Test"/>
  <testcase name="XP8_Sanity_015_Verify_Able_Add_NewContact_SIMcard" time="114.430" classname="com.xp8.test.XP8_Sanity_Test"/>
  <testcase name="XP8_Sanity_046_Validate_Turn_On_Off_FM" time="48.153" classname="com.xp8.test.XP8_Sanity_Test"/>
  <testcase name="XP8_Sanity_040_Capture_Video" time="54.282" classname="com.xp8.test.XP8_Sanity_Test"/>
  <testcase name="XP8_Sanity_035_Verify_Sending_Receive_SMS_While_Camped_To_LTE_Network" time="110.479" classname="com.xp8.test.XP8_Sanity_Test"/>
  <testcase name="XP8_Sanity_026_Verify_Operator_Homepage_in_NativeBrowser" time="60.044" classname="com.xp8.test.XP8_Sanity_Test"/>
  <testcase name="XP8_Sanity_027_Verify_APN_Correctness_Before_after_RestoringDefault_APNs" time="39.400" classname="com.xp8.test.XP8_Sanity_Test"/>
  <testcase name="XP8_Sanity_043_Validate_Default_ringtones" time="37.990" classname="com.xp8.test.XP8_Sanity_Test"/>
  <testcase name="XP8_Sanity_007_Verify_ON_And_OFF_DataService_Quick_Panel" time="210.915" classname="com.xp8.test.XP8_Sanity_Test"/>
  <testcase name="XP8_Sanity_032_Verify_User_Able_Lauch_Clock_Menus" time="81.355" classname="com.xp8.test.XP8_Sanity_Test"/>
  <testcase name="XP8_Sanity_038_Validate_SoftwareVersion" time="41.178" classname="com.xp8.test.XP8_Sanity_Test"/>
  <testcase name="XP8_Sanity_048_Validate_Software_Updates" time="55.203" classname="com.xp8.test.XP8_Sanity_Test"/>
  <testcase name="XP8_Sanity_022_Verify_AbleTo_SendSMS_OnActiveVoiceCall" time="150.509" classname="com.xp8.test.XP8_Sanity_Test"/>
  <testcase name="XP8_Sanity_031_Verify_Launch_Sound_Recorder_And_Check_Recording" time="95.244" classname="com.xp8.test.XP8_Sanity_Test"/>
  <testcase name="XP8_Sanity_029_Verify_Able_Launch_Chrome_Browse_URL" time="145.110" classname="com.xp8.test.XP8_Sanity_Test">
    <error type="java.lang.AssertionError" message="The following asserts failed:
null">
      <![CDATA[java.lang.AssertionError: The following asserts failed:
null
	at org.testng.asserts.SoftAssert.assertAll(SoftAssert.java:37)
	at com.xp8.util.XP8_Sanity_Util.validate_And_BrowseIn_Chrome(XP8_Sanity_Util.java:1698)
	at com.xp8.test.XP8_Sanity_Test.XP8_Sanity_029_Verify_Able_Launch_Chrome_Browse_URL(XP8_Sanity_Test.java:668)
	at sun.reflect.NativeMethodAccessorImpl.invoke0(Native Method)
	at sun.reflect.NativeMethodAccessorImpl.invoke(Unknown Source)
	at sun.reflect.DelegatingMethodAccessorImpl.invoke(Unknown Source)
	at java.lang.reflect.Method.invoke(Unknown Source)
	at org.testng.internal.MethodInvocationHelper.invokeMethod(MethodInvocationHelper.java:80)
	at org.testng.internal.Invoker.invokeMethod(Invoker.java:714)
	at org.testng.internal.Invoker.invokeTestMethod(Invoker.java:901)
	at org.testng.internal.Invoker.invokeTestMethods(Invoker.java:1231)
	at org.testng.internal.TestMethodWorker.invokeTestMethods(TestMethodWorker.java:127)
	at org.testng.internal.TestMethodWorker.run(TestMethodWorker.java:111)
	at org.testng.TestRunner.privateRun(TestRunner.java:767)
	at org.testng.TestRunner.run(TestRunner.java:617)
	at org.testng.SuiteRunner.runTest(SuiteRunner.java:334)
	at org.testng.SuiteRunner.runSequentially(SuiteRunner.java:329)
	at org.testng.SuiteRunner.privateRun(SuiteRunner.java:291)
	at org.testng.SuiteRunner.run(SuiteRunner.java:240)
	at org.testng.SuiteRunnerWorker.runSuite(SuiteRunnerWorker.java:52)
	at org.testng.SuiteRunnerWorker.run(SuiteRunnerWorker.java:86)
	at org.testng.TestNG.runSuitesSequentially(TestNG.java:1198)
	at org.testng.TestNG.runSuitesLocally(TestNG.java:1123)
	at org.testng.TestNG.run(TestNG.java:1031)
	at org.testng.remote.AbstractRemoteTestNG.run(AbstractRemoteTestNG.java:114)
	at org.testng.remote.RemoteTestNG.initAndRun(RemoteTestNG.java:251)
	at org.testng.remote.RemoteTestNG.main(RemoteTestNG.java:77)
]]>
    </error>
  </testcase> <!-- XP8_Sanity_029_Verify_Able_Launch_Chrome_Browse_URL -->
  <testcase name="XP8_Sanity_021_Verify_USBtethering_BTtethering_And_WiFihotspot" time="217.363" classname="com.xp8.test.XP8_Sanity_Test"/>
  <testcase name="XP8_Sanity_004_Verify_OperatorName_LockScreenAndHomeScreen" time="69.244" classname="com.xp8.test.XP8_Sanity_Test"/>
  <testcase name="XP8_Sanity_042_Edit_And_Delete_APN" time="72.603" classname="com.xp8.test.XP8_Sanity_Test"/>
  <testcase name="XP8_Sanity_001_Verify_Date_TimeAndTimeZone" time="55.335" classname="com.xp8.test.XP8_Sanity_Test"/>
  <testcase name="XP8_Sanity_037_Validate_HomeKey_BackKey_AppSwitchKey" time="17.019" classname="com.xp8.test.XP8_Sanity_Test"/>
  <testcase name="XP8_Sanity_002_Verify_ChargingStatusOfBatteryIcon" time="31.708" classname="com.xp8.test.XP8_Sanity_Test"/>
  <testcase name="XP8_Sanity_044_Validate_Preffered_NetworkMode" time="35.027" classname="com.xp8.test.XP8_Sanity_Test"/>
  <testcase name="XP8_Sanity_013_Verify_Able_Initiate_MO_Calls_From_CallLog" time="144.681" classname="com.xp8.test.XP8_Sanity_Test"/>
  <testcase name="XP8_Sanity_030_Verify_Able_to_Launch_And_Check_CalculatorApp" time="98.432" classname="com.xp8.test.XP8_Sanity_Test"/>
  <testcase name="XP8_Sanity_014_Verify_Able_To_Add_NewContact" time="163.448" classname="com.xp8.test.XP8_Sanity_Test"/>
  <testcase name="XP8_Sanity_009_Validate_Volume_Up_And_Down_MOCall" time="147.668" classname="com.xp8.test.XP8_Sanity_Test"/>
  <testcase name="XP8_Sanity_006_Verify_ON_And_OFF_Bluetooth_Quick_Panel" time="55.547" classname="com.xp8.test.XP8_Sanity_Test"/>
  <testcase name="XP8_Sanity_039_Capture_Picture" time="46.553" classname="com.xp8.test.XP8_Sanity_Test"/>
  <testcase name="XP8_Sanity_010_Verify_ON_And_OFF_AutoRotate_Quick_Panel" time="70.796" classname="com.xp8.test.XP8_Sanity_Test"/>
  <testcase name="XP8_Sanity_018_VerifyUserCan_Delete_DesiredContact_SIMcard" time="111.529" classname="com.xp8.test.XP8_Sanity_Test"/>
  <testcase name="XP8_Sanity_016_Verify_User_CanMake_Call_AnyContact" time="81.190" classname="com.xp8.test.XP8_Sanity_Test"/>
  <testcase name="XP8_Sanity_041_Add_APNs" time="73.253" classname="com.xp8.test.XP8_Sanity_Test"/>
</testsuite> <!-- com.xp8.test.XP8_Sanity_Test -->
