<?xml version="1.0" encoding="UTF-8"?>
<!-- Generated by org.testng.reporters.JUnitReportReporter -->
<testsuite skipped="0" hostname="SIDCD495O" name="com.xp8.StabilityTest.XP8_Email_StabilityTest_Orio" tests="3" failures="0" timestamp="15 Apr 2019 09:34:10 GMT" time="680.257" errors="0">
  <testcase name="XP8_TC_001_Stability_Send_Email_Without_Attachment" time="277.084" classname="com.xp8.StabilityTest.XP8_Email_StabilityTest_Orio"/>
  <testcase name="XP8_TC_002_Stability_Send_Email_With_Attachment" time="170.976" classname="com.xp8.StabilityTest.XP8_Email_StabilityTest_Orio"/>
  <testcase name="XP8_TC_003_Stability_Validate_Open_Email" time="232.197" classname="com.xp8.StabilityTest.XP8_Email_StabilityTest_Orio"/>
</testsuite> <!-- com.xp8.StabilityTest.XP8_Email_StabilityTest_Orio -->
