<?xml version="1.0" encoding="UTF-8"?>
<!-- Generated by org.testng.reporters.JUnitReportReporter -->
<testsuite hostname="SIDCD495" name="com.xp8.test.XP8_CalcTest" tests="8" failures="0" timestamp="24 Nov 2017 04:03:47 GMT" time="346.915" errors="0">
  <testcase name="XP8_CALC_TC_0008_Voicecall_interaction" time="14.808" classname="com.xp8.test.XP8_CalcTest"/>
  <testcase name="XP8_CALC_TC_0003_Basic_functions_without_decimalpt" time="45.665" classname="com.xp8.test.XP8_CalcTest"/>
  <testcase name="XP8_CALC_TC_0004_Functionality_Allkeys_shortpress" time="72.880" classname="com.xp8.test.XP8_CalcTest"/>
  <testcase name="XP8_CALC_TC_0002_Basic_functions_with_decimalpt" time="91.768" classname="com.xp8.test.XP8_CalcTest"/>
  <testcase name="XP8_CALC_TC_0007_Digitpresent_Relaunch_ScreenOrientation" time="21.884" classname="com.xp8.test.XP8_CalcTest"/>
  <testcase name="XP8_CALC_TC_0001_Launch_and_Exit" time="10.418" classname="com.xp8.test.XP8_CalcTest"/>
  <testcase name="XP8_CALC_TC_0005_Functionality_Allkeys_longpress" time="44.977" classname="com.xp8.test.XP8_CalcTest"/>
  <testcase name="XP8_CALC_TC_0006_Operation_with_Zero" time="44.515" classname="com.xp8.test.XP8_CalcTest"/>
</testsuite> <!-- com.xp8.test.XP8_CalcTest -->
