<?xml version="1.0" encoding="UTF-8"?>
<!-- Generated by org.testng.reporters.JUnitReportReporter -->
<testsuite hostname="SIDCD558" name="com.xp8.test.Trial_Test" tests="1" failures="0" timestamp="21 Mar 2018 04:17:35 GMT" time="580.296" errors="0">
  <testcase name="XP8_Sanity_021_Verify_USBtethering_BTtethering_And_WiFihotspot_EntitlementError" time="580.296" classname="com.xp8.test.Trial_Test"/>
</testsuite> <!-- com.xp8.test.Trial_Test -->
