<?xml version="1.0" encoding="UTF-8"?>
<!-- Generated by org.testng.reporters.JUnitReportReporter -->
<testsuite hostname="sidcd481" name="com.xp5S.test.Trial" tests="1" failures="0" timestamp="9 Aug 2017 05:47:40 GMT" time="1.385" errors="0">
  <testcase name="launchSettings" time="1.385" classname="com.xp5S.test.Trial"/>
</testsuite> <!-- com.xp5S.test.Trial -->
