<?xml version="1.0" encoding="UTF-8"?>
<!-- Generated by org.testng.reporters.JUnitReportReporter -->
<testsuite hostname="sidcd481" name="com.xp5S.test.CalendarTests" tests="1" failures="0" timestamp="9 Aug 2017 09:59:29 GMT" time="3.664" errors="0">
  <testcase name="launchSettings" time="3.664" classname="com.xp5S.test.CalendarTests"/>
</testsuite> <!-- com.xp5S.test.CalendarTests -->
