<?xml version="1.0" encoding="UTF-8"?>
<!-- Generated by org.testng.reporters.JUnitReportReporter -->
<testsuite skipped="0" hostname="SIDCD495O" name="com.xp8.ATTStability.ATT_Stability_Messaging_Test" tests="1" failures="0" timestamp="12 Nov 2018 08:44:00 GMT" time="77.896" errors="0">
  <testcase name="XP8_TC_07_Stability_Open_MMS_with_Audio_Attachment_Device_under_Test" time="77.896" classname="com.xp8.ATTStability.ATT_Stability_Messaging_Test"/>
</testsuite> <!-- com.xp8.ATTStability.ATT_Stability_Messaging_Test -->
