<?xml version="1.0" encoding="UTF-8"?>
<!-- Generated by org.testng.reporters.JUnitReportReporter -->
<testsuite skipped="25" hostname="SIDCD703" name="com.xp8.test.XP8_Data_Setting_Test" tests="28" failures="0" timestamp="09 Jul 2019 08:17:23 GMT" time="2934.671" errors="2">
  <testcase name="tearDown" time="0.351" classname="com.xp8.test.XP8_Data_Setting_Test">
    <error type="org.openqa.selenium.remote.SessionNotFoundException" message="A session is either terminated or not started (WARNING: The server did not provide any stacktrace information)
Command duration or timeout: 21 milliseconds
Build info: version: &#039;2.53.0&#039;, revision: &#039;35ae25b1534ae328c771e0856c93e187490ca824&#039;, time: &#039;2016-03-15 10:43:46&#039;
System info: host: &#039;SIDCD703&#039;, ip: &#039;127.0.0.1&#039;, os.name: &#039;Windows 7&#039;, os.arch: &#039;amd64&#039;, os.version: &#039;6.1&#039;, java.version: &#039;1.8.0_211&#039;
Driver info: io.appium.java_client.android.AndroidDriver
Capabilities [{appPackage=com.android.dialer, deviceScreenSize=1080x1920, networkConnectionEnabled=true, warnings={}, databaseEnabled=false, version=, deviceName=67dac2cd, platform=ANDROID, deviceUDID=67dac2cd, appActivity=com.android.dialer.app.DialtactsActivity, desired={appPackage=com.android.dialer, appActivity=com.android.dialer.app.DialtactsActivity, newCommandTimeout=500, platformVersion=8.1.0, browserName=android, autoGrantPermissions=true, udid=67dac2cd, platformName=Android, version=, deviceName=XP8800, platform=ANDROID, autoAcceptAlerts=true}, newCommandTimeout=500, platformVersion=8.1.0, webStorageEnabled=false, locationContextEnabled=false, takesScreenshot=true, browserName=android, autoGrantPermissions=true, javascriptEnabled=true, deviceModel=XP8800, udid=67dac2cd, platformName=Android, deviceManufacturer=Sonimtech, autoAcceptAlerts=true}]
Session ID: 0047efd9-8177-4650-bd66-92d9e4671b10">
      <![CDATA[org.openqa.selenium.remote.SessionNotFoundException: A session is either terminated or not started (WARNING: The server did not provide any stacktrace information)
Command duration or timeout: 21 milliseconds
Build info: version: '2.53.0', revision: '35ae25b1534ae328c771e0856c93e187490ca824', time: '2016-03-15 10:43:46'
System info: host: 'SIDCD703', ip: '127.0.0.1', os.name: 'Windows 7', os.arch: 'amd64', os.version: '6.1', java.version: '1.8.0_211'
Driver info: io.appium.java_client.android.AndroidDriver
Capabilities [{appPackage=com.android.dialer, deviceScreenSize=1080x1920, networkConnectionEnabled=true, warnings={}, databaseEnabled=false, version=, deviceName=67dac2cd, platform=ANDROID, deviceUDID=67dac2cd, appActivity=com.android.dialer.app.DialtactsActivity, desired={appPackage=com.android.dialer, appActivity=com.android.dialer.app.DialtactsActivity, newCommandTimeout=500, platformVersion=8.1.0, browserName=android, autoGrantPermissions=true, udid=67dac2cd, platformName=Android, version=, deviceName=XP8800, platform=ANDROID, autoAcceptAlerts=true}, newCommandTimeout=500, platformVersion=8.1.0, webStorageEnabled=false, locationContextEnabled=false, takesScreenshot=true, browserName=android, autoGrantPermissions=true, javascriptEnabled=true, deviceModel=XP8800, udid=67dac2cd, platformName=Android, deviceManufacturer=Sonimtech, autoAcceptAlerts=true}]
Session ID: 0047efd9-8177-4650-bd66-92d9e4671b10
at sun.reflect.NativeConstructorAccessorImpl.newInstance0(Native Method)
at sun.reflect.NativeConstructorAccessorImpl.newInstance(Unknown Source)
at sun.reflect.DelegatingConstructorAccessorImpl.newInstance(Unknown Source)
at java.lang.reflect.Constructor.newInstance(Unknown Source)
at org.openqa.selenium.remote.ErrorHandler.createThrowable(ErrorHandler.java:206)
at org.openqa.selenium.remote.ErrorHandler.throwIfResponseFailed(ErrorHandler.java:158)
at org.openqa.selenium.remote.RemoteWebDriver.execute(RemoteWebDriver.java:678)
at io.appium.java_client.DefaultGenericMobileDriver.execute(DefaultGenericMobileDriver.java:42)
at io.appium.java_client.AppiumDriver.execute(AppiumDriver.java:206)
at org.openqa.selenium.remote.RemoteWebDriver.getScreenshotAs(RemoteWebDriver.java:335)
at com.xp8.util.BaseUtil.captureScreenshot(BaseUtil.java:626)
at com.xp8.test.XP8_Data_Setting_Test.tearDown(XP8_Data_Setting_Test.java:104)
at sun.reflect.NativeMethodAccessorImpl.invoke0(Native Method)
at sun.reflect.NativeMethodAccessorImpl.invoke(Unknown Source)
at sun.reflect.DelegatingMethodAccessorImpl.invoke(Unknown Source)
at java.lang.reflect.Method.invoke(Unknown Source)
at org.testng.internal.MethodInvocationHelper.invokeMethod(MethodInvocationHelper.java:124)
at org.testng.internal.MethodInvocationHelper.invokeMethodConsideringTimeout(MethodInvocationHelper.java:59)
at org.testng.internal.Invoker.invokeConfigurationMethod(Invoker.java:458)
at org.testng.internal.Invoker.invokeConfigurations(Invoker.java:222)
at org.testng.internal.Invoker.invokeMethod(Invoker.java:646)
at org.testng.internal.Invoker.invokeTestMethod(Invoker.java:719)
at org.testng.internal.Invoker.invokeTestMethods(Invoker.java:989)
at org.testng.internal.TestMethodWorker.invokeTestMethods(TestMethodWorker.java:125)
at org.testng.internal.TestMethodWorker.run(TestMethodWorker.java:109)
at org.testng.TestRunner.privateRun(TestRunner.java:648)
at org.testng.TestRunner.run(TestRunner.java:505)
at org.testng.SuiteRunner.runTest(SuiteRunner.java:455)
at org.testng.SuiteRunner.runSequentially(SuiteRunner.java:450)
at org.testng.SuiteRunner.privateRun(SuiteRunner.java:415)
at org.testng.SuiteRunner.run(SuiteRunner.java:364)
at org.testng.SuiteRunnerWorker.runSuite(SuiteRunnerWorker.java:52)
at org.testng.SuiteRunnerWorker.run(SuiteRunnerWorker.java:84)
at org.testng.TestNG.runSuitesSequentially(TestNG.java:1208)
at org.testng.TestNG.runSuitesLocally(TestNG.java:1137)
at org.testng.TestNG.runSuites(TestNG.java:1049)
at org.testng.TestNG.run(TestNG.java:1017)
at org.testng.remote.AbstractRemoteTestNG.run(AbstractRemoteTestNG.java:115)
at org.testng.remote.RemoteTestNG.initAndRun(RemoteTestNG.java:251)
at org.testng.remote.RemoteTestNG.main(RemoteTestNG.java:77)
]]>
    </error>
  </testcase> <!-- tearDown -->
  <testcase name="XP8_TC_24_Data_Setting_APN_Setalarm" time="38.542" classname="com.xp8.test.XP8_Data_Setting_Test"/>
  <testcase name="XP8_TC_02_Data_Setting_ADD_Edit_Delete_APN" time="2895.778" classname="com.xp8.test.XP8_Data_Setting_Test">
    <error type="org.openqa.selenium.remote.SessionNotFoundException" message="A session is either terminated or not started (WARNING: The server did not provide any stacktrace information)
Command duration or timeout: 10 milliseconds
Build info: version: &#039;2.53.0&#039;, revision: &#039;35ae25b1534ae328c771e0856c93e187490ca824&#039;, time: &#039;2016-03-15 10:43:46&#039;
System info: host: &#039;SIDCD703&#039;, ip: &#039;127.0.0.1&#039;, os.name: &#039;Windows 7&#039;, os.arch: &#039;amd64&#039;, os.version: &#039;6.1&#039;, java.version: &#039;1.8.0_211&#039;
Driver info: io.appium.java_client.android.AndroidDriver
Capabilities [{appPackage=com.android.dialer, deviceScreenSize=1080x1920, networkConnectionEnabled=true, warnings={}, databaseEnabled=false, version=, deviceName=67dac2cd, platform=ANDROID, deviceUDID=67dac2cd, appActivity=com.android.dialer.app.DialtactsActivity, desired={appPackage=com.android.dialer, appActivity=com.android.dialer.app.DialtactsActivity, newCommandTimeout=500, platformVersion=8.1.0, browserName=android, autoGrantPermissions=true, udid=67dac2cd, platformName=Android, version=, deviceName=XP8800, platform=ANDROID, autoAcceptAlerts=true}, newCommandTimeout=500, platformVersion=8.1.0, webStorageEnabled=false, locationContextEnabled=false, takesScreenshot=true, browserName=android, autoGrantPermissions=true, javascriptEnabled=true, deviceModel=XP8800, udid=67dac2cd, platformName=Android, deviceManufacturer=Sonimtech, autoAcceptAlerts=true}]
Session ID: 0047efd9-8177-4650-bd66-92d9e4671b10">
      <![CDATA[org.openqa.selenium.remote.SessionNotFoundException: A session is either terminated or not started (WARNING: The server did not provide any stacktrace information)
Command duration or timeout: 10 milliseconds
Build info: version: '2.53.0', revision: '35ae25b1534ae328c771e0856c93e187490ca824', time: '2016-03-15 10:43:46'
System info: host: 'SIDCD703', ip: '127.0.0.1', os.name: 'Windows 7', os.arch: 'amd64', os.version: '6.1', java.version: '1.8.0_211'
Driver info: io.appium.java_client.android.AndroidDriver
Capabilities [{appPackage=com.android.dialer, deviceScreenSize=1080x1920, networkConnectionEnabled=true, warnings={}, databaseEnabled=false, version=, deviceName=67dac2cd, platform=ANDROID, deviceUDID=67dac2cd, appActivity=com.android.dialer.app.DialtactsActivity, desired={appPackage=com.android.dialer, appActivity=com.android.dialer.app.DialtactsActivity, newCommandTimeout=500, platformVersion=8.1.0, browserName=android, autoGrantPermissions=true, udid=67dac2cd, platformName=Android, version=, deviceName=XP8800, platform=ANDROID, autoAcceptAlerts=true}, newCommandTimeout=500, platformVersion=8.1.0, webStorageEnabled=false, locationContextEnabled=false, takesScreenshot=true, browserName=android, autoGrantPermissions=true, javascriptEnabled=true, deviceModel=XP8800, udid=67dac2cd, platformName=Android, deviceManufacturer=Sonimtech, autoAcceptAlerts=true}]
Session ID: 0047efd9-8177-4650-bd66-92d9e4671b10
at sun.reflect.NativeConstructorAccessorImpl.newInstance0(Native Method)
at sun.reflect.NativeConstructorAccessorImpl.newInstance(Unknown Source)
at sun.reflect.DelegatingConstructorAccessorImpl.newInstance(Unknown Source)
at java.lang.reflect.Constructor.newInstance(Unknown Source)
at org.openqa.selenium.remote.ErrorHandler.createThrowable(ErrorHandler.java:206)
at org.openqa.selenium.remote.ErrorHandler.throwIfResponseFailed(ErrorHandler.java:158)
at org.openqa.selenium.remote.RemoteWebDriver.execute(RemoteWebDriver.java:678)
at io.appium.java_client.DefaultGenericMobileDriver.execute(DefaultGenericMobileDriver.java:42)
at io.appium.java_client.AppiumDriver.execute(AppiumDriver.java:1)
at io.appium.java_client.android.AndroidDriver.execute(AndroidDriver.java:1)
at org.openqa.selenium.remote.RemoteWebDriver$RemoteWebDriverOptions$RemoteTimeouts.implicitlyWait(RemoteWebDriver.java:865)
at io.appium.java_client.pagefactory.AppiumElementLocator.changeImplicitlyWaitTimeOut(AppiumElementLocator.java:115)
at io.appium.java_client.pagefactory.AppiumElementLocator.waitFor(AppiumElementLocator.java:133)
at io.appium.java_client.pagefactory.AppiumElementLocator.findElement(AppiumElementLocator.java:145)
at io.appium.java_client.pagefactory.interceptors.InterceptorOfASingleElement.intercept(InterceptorOfASingleElement.java:51)
at io.appium.java_client.android.AndroidElement$$EnhancerByCGLIB$$25d14450.isDisplayed(<generated>)
at com.xp8.util.BaseUtil.isElementExist(BaseUtil.java:498)
at com.xp8.util.BaseUtil.clearRecentApps(BaseUtil.java:75)
at com.xp8.test.XP8_Data_Setting_Test.XP8_TC_02_Data_Setting_ADD_Edit_Delete_APN(XP8_Data_Setting_Test.java:147)
at sun.reflect.NativeMethodAccessorImpl.invoke0(Native Method)
at sun.reflect.NativeMethodAccessorImpl.invoke(Unknown Source)
at sun.reflect.DelegatingMethodAccessorImpl.invoke(Unknown Source)
at java.lang.reflect.Method.invoke(Unknown Source)
at org.testng.internal.MethodInvocationHelper.invokeMethod(MethodInvocationHelper.java:124)
at org.testng.internal.Invoker.invokeMethod(Invoker.java:583)
at org.testng.internal.Invoker.invokeTestMethod(Invoker.java:719)
at org.testng.internal.Invoker.invokeTestMethods(Invoker.java:989)
at org.testng.internal.TestMethodWorker.invokeTestMethods(TestMethodWorker.java:125)
at org.testng.internal.TestMethodWorker.run(TestMethodWorker.java:109)
at org.testng.TestRunner.privateRun(TestRunner.java:648)
at org.testng.TestRunner.run(TestRunner.java:505)
at org.testng.SuiteRunner.runTest(SuiteRunner.java:455)
at org.testng.SuiteRunner.runSequentially(SuiteRunner.java:450)
at org.testng.SuiteRunner.privateRun(SuiteRunner.java:415)
at org.testng.SuiteRunner.run(SuiteRunner.java:364)
at org.testng.SuiteRunnerWorker.runSuite(SuiteRunnerWorker.java:52)
at org.testng.SuiteRunnerWorker.run(SuiteRunnerWorker.java:84)
at org.testng.TestNG.runSuitesSequentially(TestNG.java:1208)
at org.testng.TestNG.runSuitesLocally(TestNG.java:1137)
at org.testng.TestNG.runSuites(TestNG.java:1049)
at org.testng.TestNG.run(TestNG.java:1017)
at org.testng.remote.AbstractRemoteTestNG.run(AbstractRemoteTestNG.java:115)
at org.testng.remote.RemoteTestNG.initAndRun(RemoteTestNG.java:251)
at org.testng.remote.RemoteTestNG.main(RemoteTestNG.java:77)
]]>
    </error>
  </testcase> <!-- XP8_TC_02_Data_Setting_ADD_Edit_Delete_APN -->
  <testcase name="XP8_TC_03_Data_Setting_Add_Maximum_APNs" time="0.000" classname="com.xp8.test.XP8_Data_Setting_Test">
    <skipped/>
  </testcase> <!-- XP8_TC_03_Data_Setting_Add_Maximum_APNs -->
  <testcase name="XP8_TC_04_Data_Setting_Authentication_Type_APN" time="0.000" classname="com.xp8.test.XP8_Data_Setting_Test">
    <skipped/>
  </testcase> <!-- XP8_TC_04_Data_Setting_Authentication_Type_APN -->
  <testcase name="XP8_TC_05_Data_Setting_Resettodefault" time="0.000" classname="com.xp8.test.XP8_Data_Setting_Test">
    <skipped/>
  </testcase> <!-- XP8_TC_05_Data_Setting_Resettodefault -->
  <testcase name="XP8_TC_06_Data_Setting_save_Access_Point_APN_without_Entering_APN" time="0.000" classname="com.xp8.test.XP8_Data_Setting_Test">
    <skipped/>
  </testcase> <!-- XP8_TC_06_Data_Setting_save_Access_Point_APN_without_Entering_APN -->
  <testcase name="XP8_TC_07_Data_Setting_addapn_without_name_and_apnno" time="0.000" classname="com.xp8.test.XP8_Data_Setting_Test">
    <skipped/>
  </testcase> <!-- XP8_TC_07_Data_Setting_addapn_without_name_and_apnno -->
  <testcase name="XP8_TC_08_Data_Setting_lock_Unlock_Screen" time="0.000" classname="com.xp8.test.XP8_Data_Setting_Test">
    <skipped/>
  </testcase> <!-- XP8_TC_08_Data_Setting_lock_Unlock_Screen -->
  <testcase name="XP8_TC_09_Data_Setting_add_APN_Click_Backbutton" time="0.000" classname="com.xp8.test.XP8_Data_Setting_Test">
    <skipped/>
  </testcase> <!-- XP8_TC_09_Data_Setting_add_APN_Click_Backbutton -->
  <testcase name="XP8_TC_10_Data_Setting_enable_Disable_Airplane_Mode" time="0.000" classname="com.xp8.test.XP8_Data_Setting_Test">
    <skipped/>
  </testcase> <!-- XP8_TC_10_Data_Setting_enable_Disable_Airplane_Mode -->
  <testcase name="XP8_TC_11_Data_Setting_APN_protocol_And_Bearer" time="0.000" classname="com.xp8.test.XP8_Data_Setting_Test">
    <skipped/>
  </testcase> <!-- XP8_TC_11_Data_Setting_APN_protocol_And_Bearer -->
  <testcase name="XP8_TC_12_Data_Setting_APN_protocol_IPv4_Or_IPv6" time="0.000" classname="com.xp8.test.XP8_Data_Setting_Test">
    <skipped/>
  </testcase> <!-- XP8_TC_12_Data_Setting_APN_protocol_IPv4_Or_IPv6 -->
  <testcase name="XP8_TC_13_Data_Setting_Bearer" time="0.000" classname="com.xp8.test.XP8_Data_Setting_Test">
    <skipped/>
  </testcase> <!-- XP8_TC_13_Data_Setting_Bearer -->
  <testcase name="XP8_TC_14_Data_Setting_Data_Enabled" time="0.000" classname="com.xp8.test.XP8_Data_Setting_Test">
    <skipped/>
  </testcase> <!-- XP8_TC_14_Data_Setting_Data_Enabled -->
  <testcase name="XP8_TC_15_Data_Setting_enable_Airplane_Mode" time="0.000" classname="com.xp8.test.XP8_Data_Setting_Test">
    <skipped/>
  </testcase> <!-- XP8_TC_15_Data_Setting_enable_Airplane_Mode -->
  <testcase name="XP8_TC_16_Data_Setting_enable_Data" time="0.000" classname="com.xp8.test.XP8_Data_Setting_Test">
    <skipped/>
  </testcase> <!-- XP8_TC_16_Data_Setting_enable_Data -->
  <testcase name="XP8_TC_17_Data_Setting_validate_LTEservice" time="0.000" classname="com.xp8.test.XP8_Data_Setting_Test">
    <skipped/>
  </testcase> <!-- XP8_TC_17_Data_Setting_validate_LTEservice -->
  <testcase name="XP8_TC_17_Data_Setting_validate_LTEservice" time="0.000" classname="com.xp8.test.XP8_Data_Setting_Test">
    <skipped/>
  </testcase> <!-- XP8_TC_17_Data_Setting_validate_LTEservice -->
  <testcase name="XP8_TC_17_Data_Setting_validate_LTEservice" time="0.000" classname="com.xp8.test.XP8_Data_Setting_Test">
    <skipped/>
  </testcase> <!-- XP8_TC_17_Data_Setting_validate_LTEservice -->
  <testcase name="XP8_TC_17_Data_Setting_validate_LTEservice" time="0.000" classname="com.xp8.test.XP8_Data_Setting_Test">
    <skipped/>
  </testcase> <!-- XP8_TC_17_Data_Setting_validate_LTEservice -->
  <testcase name="XP8_TC_18_Data_Setting_Data_Setting_Edit_SaveorCancel_APN" time="0.000" classname="com.xp8.test.XP8_Data_Setting_Test">
    <skipped/>
  </testcase> <!-- XP8_TC_18_Data_Setting_Data_Setting_Edit_SaveorCancel_APN -->
  <testcase name="XP8_TC_19_Data_Setting_APN_Roaming_Protocol" time="0.000" classname="com.xp8.test.XP8_Data_Setting_Test">
    <skipped/>
  </testcase> <!-- XP8_TC_19_Data_Setting_APN_Roaming_Protocol -->
  <testcase name="XP8_TC_20_Data_Setting_view_And_Selected_APNs" time="0.000" classname="com.xp8.test.XP8_Data_Setting_Test">
    <skipped/>
  </testcase> <!-- XP8_TC_20_Data_Setting_view_And_Selected_APNs -->
  <testcase name="XP8_TC_21_Data_Setting_APN_Added_To_The_List" time="0.000" classname="com.xp8.test.XP8_Data_Setting_Test">
    <skipped/>
  </testcase> <!-- XP8_TC_21_Data_Setting_APN_Added_To_The_List -->
  <testcase name="XP8_TC_22_Data_Setting_discard_APNs" time="0.000" classname="com.xp8.test.XP8_Data_Setting_Test">
    <skipped/>
  </testcase> <!-- XP8_TC_22_Data_Setting_discard_APNs -->
  <testcase name="XP8_TC_23_Data_Setting_APN_Received_Call" time="0.000" classname="com.xp8.test.XP8_Data_Setting_Test">
    <skipped/>
  </testcase> <!-- XP8_TC_23_Data_Setting_APN_Received_Call -->
  <testcase name="XP8_TC_01_Data_Setting_Navigate_APN_Screen" time="0.000" classname="com.xp8.test.XP8_Data_Setting_Test">
    <skipped/>
  </testcase> <!-- XP8_TC_01_Data_Setting_Navigate_APN_Screen -->
</testsuite> <!-- com.xp8.test.XP8_Data_Setting_Test -->
